<?xml version="1.0" encoding="UTF-8"?>
<coverage generated="1586666013411" clover="3.2.0">
  <project timestamp="1586666013411" name="All files">
    <metrics statements="66" coveredstatements="46" conditionals="48" coveredconditionals="29" methods="26" coveredmethods="8" elements="140" coveredelements="83" complexity="0" loc="66" ncloc="66" packages="10" files="15" classes="15"/>
    <package name="src.login.actions">
      <metrics statements="1" coveredstatements="1" conditionals="0" coveredconditionals="0" methods="0" coveredmethods="0"/>
      <file name="LoginActionConstants.js" path="C:\New folder\clean copy\boilerplate_02\ui\src\login\actions\LoginActionConstants.js">
        <metrics statements="1" coveredstatements="1" conditionals="0" coveredconditionals="0" methods="0" coveredmethods="0"/>
        <line num="2" count="3" type="stmt"/>
      </file>
    </package>
    <package name="src.login.reducers">
      <metrics statements="16" coveredstatements="16" conditionals="11" coveredconditionals="11" methods="3" coveredmethods="3"/>
      <file name="loginReducer.js" path="C:\New folder\clean copy\boilerplate_02\ui\src\login\reducers\loginReducer.js">
        <metrics statements="16" coveredstatements="16" conditionals="11" coveredconditionals="11" methods="3" coveredmethods="3"/>
        <line num="4" count="1" type="stmt"/>
        <line num="5" count="1" type="stmt"/>
        <line num="7" count="1" type="cond" truecount="1" falsecount="0"/>
        <line num="8" count="3" type="cond" truecount="2" falsecount="0"/>
        <line num="10" count="2" type="cond" truecount="2" falsecount="0"/>
        <line num="11" count="1" type="stmt"/>
        <line num="17" count="1" type="stmt"/>
        <line num="20" count="1" type="stmt"/>
        <line num="24" count="1" type="cond" truecount="1" falsecount="0"/>
        <line num="25" count="6" type="cond" truecount="3" falsecount="0"/>
        <line num="27" count="3" type="cond" truecount="2" falsecount="0"/>
        <line num="28" count="2" type="stmt"/>
        <line num="33" count="1" type="stmt"/>
        <line num="36" count="1" type="stmt"/>
        <line num="42" count="2" type="stmt"/>
        <line num="48" count="1" type="stmt"/>
      </file>
    </package>
    <package name="src.shared">
      <metrics statements="0" coveredstatements="0" conditionals="0" coveredconditionals="0" methods="0" coveredmethods="0"/>
      <file name="index.js" path="C:\New folder\clean copy\boilerplate_02\ui\src\shared\index.js">
        <metrics statements="0" coveredstatements="0" conditionals="0" coveredconditionals="0" methods="0" coveredmethods="0"/>
      </file>
    </package>
    <package name="src.shared.actions">
      <metrics statements="19" coveredstatements="7" conditionals="5" coveredconditionals="0" methods="12" coveredmethods="2"/>
      <file name="SharedActionConstants.js" path="C:\New folder\clean copy\boilerplate_02\ui\src\shared\actions\SharedActionConstants.js">
        <metrics statements="2" coveredstatements="2" conditionals="0" coveredconditionals="0" methods="2" coveredmethods="2"/>
        <line num="1" count="4" type="stmt"/>
        <line num="2" count="22" type="stmt"/>
      </file>
      <file name="SharedActions.js" path="C:\New folder\clean copy\boilerplate_02\ui\src\shared\actions\SharedActions.js">
        <metrics statements="13" coveredstatements="4" conditionals="3" coveredconditionals="0" methods="8" coveredmethods="0"/>
        <line num="2" count="3" type="stmt"/>
        <line num="4" count="0" type="stmt"/>
        <line num="11" count="3" type="cond" truecount="0" falsecount="1"/>
        <line num="12" count="0" type="stmt"/>
        <line num="13" count="0" type="cond" truecount="0" falsecount="2"/>
        <line num="14" count="0" type="stmt"/>
        <line num="16" count="0" type="stmt"/>
        <line num="18" count="0" type="stmt"/>
        <line num="21" count="3" type="stmt"/>
        <line num="22" count="0" type="stmt"/>
        <line num="25" count="3" type="stmt"/>
        <line num="26" count="0" type="stmt"/>
        <line num="27" count="0" type="stmt"/>
      </file>
      <file name="SharedUserAuthentication.js" path="C:\New folder\clean copy\boilerplate_02\ui\src\shared\actions\SharedUserAuthentication.js">
        <metrics statements="4" coveredstatements="1" conditionals="2" coveredconditionals="0" methods="2" coveredmethods="0"/>
        <line num="5" count="3" type="stmt"/>
        <line num="6" count="0" type="stmt"/>
        <line num="7" count="0" type="cond" truecount="0" falsecount="2"/>
        <line num="8" count="0" type="stmt"/>
      </file>
    </package>
    <package name="src.shared.components.presentation">
      <metrics statements="12" coveredstatements="4" conditionals="14" coveredconditionals="0" methods="8" coveredmethods="0"/>
      <file name="ButtonElement.js" path="C:\New folder\clean copy\boilerplate_02\ui\src\shared\components\presentation\ButtonElement.js">
        <metrics statements="4" coveredstatements="1" conditionals="6" coveredconditionals="0" methods="3" coveredmethods="0"/>
        <line num="4" count="3" type="stmt"/>
        <line num="7" count="0" type="stmt"/>
        <line num="10" count="0" type="stmt"/>
        <line num="12" count="0" type="cond" truecount="0" falsecount="2"/>
      </file>
      <file name="InputField.js" path="C:\New folder\clean copy\boilerplate_02\ui\src\shared\components\presentation\InputField.js">
        <metrics statements="4" coveredstatements="1" conditionals="4" coveredconditionals="0" methods="3" coveredmethods="0"/>
        <line num="4" count="3" type="stmt"/>
        <line num="7" count="0" type="stmt"/>
        <line num="10" count="0" type="stmt"/>
        <line num="19" count="0" type="cond" truecount="0" falsecount="2"/>
      </file>
      <file name="Loader.js" path="C:\New folder\clean copy\boilerplate_02\ui\src\shared\components\presentation\Loader.js">
        <metrics statements="1" coveredstatements="1" conditionals="0" coveredconditionals="0" methods="1" coveredmethods="0"/>
        <line num="4" count="3" type="stmt"/>
      </file>
      <file name="MessageBox.js" path="C:\New folder\clean copy\boilerplate_02\ui\src\shared\components\presentation\MessageBox.js">
        <metrics statements="3" coveredstatements="1" conditionals="4" coveredconditionals="0" methods="1" coveredmethods="0"/>
        <line num="4" count="3" type="stmt"/>
        <line num="5" count="0" type="stmt"/>
        <line num="6" count="0" type="stmt"/>
      </file>
    </package>
    <package name="src.shared.services">
      <metrics statements="0" coveredstatements="0" conditionals="0" coveredconditionals="0" methods="0" coveredmethods="0"/>
      <file name="SharedDal.js" path="C:\New folder\clean copy\boilerplate_02\ui\src\shared\services\SharedDal.js">
        <metrics statements="0" coveredstatements="0" conditionals="0" coveredconditionals="0" methods="0" coveredmethods="0"/>
      </file>
    </package>
    <package name="src.shared.utils">
      <metrics statements="0" coveredstatements="0" conditionals="0" coveredconditionals="0" methods="0" coveredmethods="0"/>
      <file name="History.js" path="C:\New folder\clean copy\boilerplate_02\ui\src\shared\utils\History.js">
        <metrics statements="0" coveredstatements="0" conditionals="0" coveredconditionals="0" methods="0" coveredmethods="0"/>
      </file>
    </package>
    <package name="src.showList.actions">
      <metrics statements="1" coveredstatements="1" conditionals="0" coveredconditionals="0" methods="0" coveredmethods="0"/>
      <file name="ShowListActionConstants.js" path="C:\New folder\clean copy\boilerplate_02\ui\src\showList\actions\ShowListActionConstants.js">
        <metrics statements="1" coveredstatements="1" conditionals="0" coveredconditionals="0" methods="0" coveredmethods="0"/>
        <line num="1" count="2" type="stmt"/>
      </file>
    </package>
    <package name="src.showList.reducers">
      <metrics statements="16" coveredstatements="16" conditionals="18" coveredconditionals="18" methods="3" coveredmethods="3"/>
      <file name="showListReducer.js" path="C:\New folder\clean copy\boilerplate_02\ui\src\showList\reducers\showListReducer.js">
        <metrics statements="16" coveredstatements="16" conditionals="18" coveredconditionals="18" methods="3" coveredmethods="3"/>
        <line num="4" count="2" type="stmt"/>
        <line num="10" count="2" type="cond" truecount="1" falsecount="0"/>
        <line num="11" count="6" type="cond" truecount="3" falsecount="0"/>
        <line num="13" count="2" type="cond" truecount="5" falsecount="0"/>
        <line num="14" count="1" type="stmt"/>
        <line num="16" count="1" type="stmt"/>
        <line num="19" count="2" type="cond" truecount="5" falsecount="0"/>
        <line num="20" count="1" type="stmt"/>
        <line num="22" count="1" type="stmt"/>
        <line num="25" count="2" type="stmt"/>
        <line num="34" count="2" type="cond" truecount="1" falsecount="0"/>
        <line num="35" count="3" type="cond" truecount="3" falsecount="0"/>
        <line num="37" count="1" type="stmt"/>
        <line num="40" count="1" type="stmt"/>
        <line num="43" count="1" type="stmt"/>
        <line num="50" count="1" type="stmt"/>
      </file>
    </package>
    <package name="tests.testConstants">
      <metrics statements="1" coveredstatements="1" conditionals="0" coveredconditionals="0" methods="0" coveredmethods="0"/>
      <file name="TestConstants.js" path="C:\New folder\clean copy\boilerplate_02\ui\tests\testConstants\TestConstants.js">
        <metrics statements="1" coveredstatements="1" conditionals="0" coveredconditionals="0" methods="0" coveredmethods="0"/>
        <line num="1" count="1" type="stmt"/>
      </file>
    </package>
  </project>
</coverage>
