{"C:\\New folder\\clean copy\\boilerplate_02\\ui\\src\\login\\actions\\LoginActionConstants.js": {"path":"C:\\New folder\\clean copy\\boilerplate_02\\ui\\src\\login\\actions\\LoginActionConstants.js","statementMap":{"0":{"start":{"line":2,"column":36},"end":{"line":10,"column":1}}},"fnMap":{},"branchMap":{},"s":{"0":3},"f":{},"b":{},"_coverageSchema":"1a1c01bbd47fc00a2c39e90264f33305004495a9","hash":"e15dee020b7c3addf2fd8479abd05c0d6587af52"}
,"C:\\New folder\\clean copy\\boilerplate_02\\ui\\src\\login\\reducers\\loginReducer.js": {"path":"C:\\New folder\\clean copy\\boilerplate_02\\ui\\src\\login\\reducers\\loginReducer.js","statementMap":{"0":{"start":{"line":4,"column":19},"end":{"line":4,"column":37}},"1":{"start":{"line":5,"column":20},"end":{"line":5,"column":41}},"2":{"start":{"line":7,"column":26},"end":{"line":22,"column":1}},"3":{"start":{"line":8,"column":2},"end":{"line":21,"column":3}},"4":{"start":{"line":10,"column":6},"end":{"line":16,"column":7}},"5":{"start":{"line":11,"column":8},"end":{"line":15,"column":9}},"6":{"start":{"line":17,"column":6},"end":{"line":17,"column":19}},"7":{"start":{"line":20,"column":6},"end":{"line":20,"column":19}},"8":{"start":{"line":24,"column":23},"end":{"line":44,"column":1}},"9":{"start":{"line":25,"column":2},"end":{"line":43,"column":3}},"10":{"start":{"line":27,"column":6},"end":{"line":32,"column":7}},"11":{"start":{"line":28,"column":8},"end":{"line":31,"column":9}},"12":{"start":{"line":33,"column":6},"end":{"line":33,"column":19}},"13":{"start":{"line":36,"column":6},"end":{"line":39,"column":7}},"14":{"start":{"line":42,"column":6},"end":{"line":42,"column":19}},"15":{"start":{"line":48,"column":17},"end":{"line":48,"column":26}}},"fnMap":{"0":{"name":"(anonymous_0)","decl":{"start":{"line":7,"column":26},"end":{"line":7,"column":27}},"loc":{"start":{"line":7,"column":58},"end":{"line":22,"column":1}},"line":7},"1":{"name":"(anonymous_1)","decl":{"start":{"line":24,"column":23},"end":{"line":24,"column":24}},"loc":{"start":{"line":24,"column":56},"end":{"line":44,"column":1}},"line":24},"2":{"name":"(anonymous_2)","decl":{"start":{"line":48,"column":9},"end":{"line":48,"column":10}},"loc":{"start":{"line":48,"column":15},"end":{"line":48,"column":28}},"line":48}},"branchMap":{"0":{"loc":{"start":{"line":7,"column":27},"end":{"line":7,"column":45}},"type":"default-arg","locations":[{"start":{"line":7,"column":35},"end":{"line":7,"column":45}}],"line":7},"1":{"loc":{"start":{"line":8,"column":2},"end":{"line":21,"column":3}},"type":"switch","locations":[{"start":{"line":9,"column":4},"end":{"line":18,"column":5}},{"start":{"line":19,"column":4},"end":{"line":20,"column":19}}],"line":8},"2":{"loc":{"start":{"line":10,"column":6},"end":{"line":16,"column":7}},"type":"if","locations":[{"start":{"line":10,"column":6},"end":{"line":16,"column":7}},{"start":{"line":10,"column":6},"end":{"line":16,"column":7}}],"line":10},"3":{"loc":{"start":{"line":24,"column":24},"end":{"line":24,"column":43}},"type":"default-arg","locations":[{"start":{"line":24,"column":32},"end":{"line":24,"column":43}}],"line":24},"4":{"loc":{"start":{"line":25,"column":2},"end":{"line":43,"column":3}},"type":"switch","locations":[{"start":{"line":26,"column":4},"end":{"line":34,"column":5}},{"start":{"line":35,"column":4},"end":{"line":40,"column":5}},{"start":{"line":41,"column":4},"end":{"line":42,"column":19}}],"line":25},"5":{"loc":{"start":{"line":27,"column":6},"end":{"line":32,"column":7}},"type":"if","locations":[{"start":{"line":27,"column":6},"end":{"line":32,"column":7}},{"start":{"line":27,"column":6},"end":{"line":32,"column":7}}],"line":27}},"s":{"0":1,"1":1,"2":1,"3":3,"4":2,"5":1,"6":1,"7":1,"8":1,"9":6,"10":3,"11":2,"12":1,"13":1,"14":2,"15":1},"f":{"0":3,"1":6,"2":1},"b":{"0":[1],"1":[2,1],"2":[1,1],"3":[2],"4":[3,1,2],"5":[2,1]},"_coverageSchema":"1a1c01bbd47fc00a2c39e90264f33305004495a9","hash":"b62ad7bdc11d742c8ff8ae08f76ad34848a26429"}
,"C:\\New folder\\clean copy\\boilerplate_02\\ui\\src\\shared\\index.js": {"path":"C:\\New folder\\clean copy\\boilerplate_02\\ui\\src\\shared\\index.js","statementMap":{},"fnMap":{},"branchMap":{},"s":{},"f":{},"b":{},"_coverageSchema":"1a1c01bbd47fc00a2c39e90264f33305004495a9","hash":"3ff5a468c3bcfcb9e6e5873c3b9a5af249a60fc9"}
,"C:\\New folder\\clean copy\\boilerplate_02\\ui\\src\\shared\\actions\\SharedActionConstants.js": {"path":"C:\\New folder\\clean copy\\boilerplate_02\\ui\\src\\shared\\actions\\SharedActionConstants.js","statementMap":{"0":{"start":{"line":1,"column":20},"end":{"line":1,"column":56}},"1":{"start":{"line":1,"column":36},"end":{"line":1,"column":56}},"2":{"start":{"line":2,"column":20},"end":{"line":2,"column":56}},"3":{"start":{"line":2,"column":36},"end":{"line":2,"column":56}}},"fnMap":{"0":{"name":"(anonymous_0)","decl":{"start":{"line":1,"column":20},"end":{"line":1,"column":21}},"loc":{"start":{"line":1,"column":36},"end":{"line":1,"column":56}},"line":1},"1":{"name":"(anonymous_1)","decl":{"start":{"line":2,"column":20},"end":{"line":2,"column":21}},"loc":{"start":{"line":2,"column":36},"end":{"line":2,"column":56}},"line":2}},"branchMap":{},"s":{"0":3,"1":4,"2":3,"3":22},"f":{"0":4,"1":22},"b":{},"_coverageSchema":"1a1c01bbd47fc00a2c39e90264f33305004495a9","hash":"09960490f2d9f1994199aaa3b0bfcd830cb03f6f"}
,"C:\\New folder\\clean copy\\boilerplate_02\\ui\\src\\shared\\actions\\SharedActions.js": {"path":"C:\\New folder\\clean copy\\boilerplate_02\\ui\\src\\shared\\actions\\SharedActions.js","statementMap":{"0":{"start":{"line":2,"column":14},"end":{"line":2,"column":16}},"1":{"start":{"line":4,"column":2},"end":{"line":4,"column":25}},"2":{"start":{"line":11,"column":25},"end":{"line":19,"column":2}},"3":{"start":{"line":11,"column":63},"end":{"line":19,"column":2}},"4":{"start":{"line":12,"column":21},"end":{"line":12,"column":56}},"5":{"start":{"line":13,"column":2},"end":{"line":17,"column":3}},"6":{"start":{"line":14,"column":4},"end":{"line":14,"column":47}},"7":{"start":{"line":16,"column":4},"end":{"line":16,"column":53}},"8":{"start":{"line":18,"column":2},"end":{"line":18,"column":101}},"9":{"start":{"line":18,"column":59},"end":{"line":18,"column":71}},"10":{"start":{"line":18,"column":88},"end":{"line":18,"column":99}},"11":{"start":{"line":21,"column":22},"end":{"line":23,"column":1}},"12":{"start":{"line":21,"column":28},"end":{"line":23,"column":1}},"13":{"start":{"line":22,"column":2},"end":{"line":22,"column":41}},"14":{"start":{"line":25,"column":23},"end":{"line":28,"column":1}},"15":{"start":{"line":26,"column":16},"end":{"line":26,"column":51}},"16":{"start":{"line":27,"column":2},"end":{"line":27,"column":17}}},"fnMap":{"0":{"name":"Action","decl":{"start":{"line":3,"column":16},"end":{"line":3,"column":22}},"loc":{"start":{"line":3,"column":36},"end":{"line":5,"column":1}},"line":3},"1":{"name":"(anonymous_1)","decl":{"start":{"line":11,"column":25},"end":{"line":11,"column":26}},"loc":{"start":{"line":11,"column":63},"end":{"line":19,"column":2}},"line":11},"2":{"name":"(anonymous_2)","decl":{"start":{"line":11,"column":75},"end":{"line":11,"column":76}},"loc":{"start":{"line":11,"column":96},"end":{"line":19,"column":1}},"line":11},"3":{"name":"(anonymous_3)","decl":{"start":{"line":18,"column":50},"end":{"line":18,"column":51}},"loc":{"start":{"line":18,"column":59},"end":{"line":18,"column":71}},"line":18},"4":{"name":"(anonymous_4)","decl":{"start":{"line":18,"column":79},"end":{"line":18,"column":80}},"loc":{"start":{"line":18,"column":88},"end":{"line":18,"column":99}},"line":18},"5":{"name":"(anonymous_5)","decl":{"start":{"line":21,"column":22},"end":{"line":21,"column":23}},"loc":{"start":{"line":21,"column":28},"end":{"line":23,"column":1}},"line":21},"6":{"name":"(anonymous_6)","decl":{"start":{"line":21,"column":28},"end":{"line":21,"column":29}},"loc":{"start":{"line":21,"column":34},"end":{"line":23,"column":1}},"line":21},"7":{"name":"(anonymous_7)","decl":{"start":{"line":25,"column":23},"end":{"line":25,"column":24}},"loc":{"start":{"line":25,"column":29},"end":{"line":28,"column":1}},"line":25}},"branchMap":{"0":{"loc":{"start":{"line":11,"column":31},"end":{"line":11,"column":58}},"type":"default-arg","locations":[{"start":{"line":11,"column":41},"end":{"line":11,"column":58}}],"line":11},"1":{"loc":{"start":{"line":13,"column":2},"end":{"line":17,"column":3}},"type":"if","locations":[{"start":{"line":13,"column":2},"end":{"line":17,"column":3}},{"start":{"line":13,"column":2},"end":{"line":17,"column":3}}],"line":13}},"s":{"0":3,"1":0,"2":3,"3":0,"4":0,"5":0,"6":0,"7":0,"8":0,"9":0,"10":0,"11":3,"12":0,"13":0,"14":3,"15":0,"16":0},"f":{"0":0,"1":0,"2":0,"3":0,"4":0,"5":0,"6":0,"7":0},"b":{"0":[0],"1":[0,0]},"_coverageSchema":"1a1c01bbd47fc00a2c39e90264f33305004495a9","hash":"601ffe10f8314a1aae79bdcce7a030b462e8a62a"}
,"C:\\New folder\\clean copy\\boilerplate_02\\ui\\src\\shared\\actions\\SharedUserAuthentication.js": {"path":"C:\\New folder\\clean copy\\boilerplate_02\\ui\\src\\shared\\actions\\SharedUserAuthentication.js","statementMap":{"0":{"start":{"line":5,"column":30},"end":{"line":10,"column":1}},"1":{"start":{"line":5,"column":46},"end":{"line":10,"column":1}},"2":{"start":{"line":6,"column":24},"end":{"line":6,"column":33}},"3":{"start":{"line":7,"column":2},"end":{"line":9,"column":3}},"4":{"start":{"line":8,"column":4},"end":{"line":8,"column":71}}},"fnMap":{"0":{"name":"(anonymous_0)","decl":{"start":{"line":5,"column":30},"end":{"line":5,"column":31}},"loc":{"start":{"line":5,"column":46},"end":{"line":10,"column":1}},"line":5},"1":{"name":"(anonymous_1)","decl":{"start":{"line":5,"column":46},"end":{"line":5,"column":47}},"loc":{"start":{"line":5,"column":60},"end":{"line":10,"column":1}},"line":5}},"branchMap":{"0":{"loc":{"start":{"line":7,"column":2},"end":{"line":9,"column":3}},"type":"if","locations":[{"start":{"line":7,"column":2},"end":{"line":9,"column":3}},{"start":{"line":7,"column":2},"end":{"line":9,"column":3}}],"line":7}},"s":{"0":3,"1":0,"2":0,"3":0,"4":0},"f":{"0":0,"1":0},"b":{"0":[0,0]},"_coverageSchema":"1a1c01bbd47fc00a2c39e90264f33305004495a9","hash":"c025afcad3eb126231592e21d26275719199ea28"}
,"C:\\New folder\\clean copy\\boilerplate_02\\ui\\src\\shared\\components\\presentation\\ButtonElement.js": {"path":"C:\\New folder\\clean copy\\boilerplate_02\\ui\\src\\shared\\components\\presentation\\ButtonElement.js","statementMap":{"0":{"start":{"line":4,"column":29},"end":{"line":19,"column":1}},"1":{"start":{"line":7,"column":6},"end":{"line":7,"column":11}},"2":{"start":{"line":10,"column":2},"end":{"line":18,"column":4}},"3":{"start":{"line":12,"column":35},"end":{"line":12,"column":56}}},"fnMap":{"0":{"name":"(anonymous_0)","decl":{"start":{"line":4,"column":29},"end":{"line":4,"column":30}},"loc":{"start":{"line":4,"column":40},"end":{"line":19,"column":1}},"line":4},"1":{"name":"onButtonClickListener","decl":{"start":{"line":8,"column":11},"end":{"line":8,"column":32}},"loc":{"start":{"line":8,"column":35},"end":{"line":9,"column":3}},"line":8},"2":{"name":"(anonymous_2)","decl":{"start":{"line":12,"column":28},"end":{"line":12,"column":29}},"loc":{"start":{"line":12,"column":35},"end":{"line":12,"column":56}},"line":12}},"branchMap":{"0":{"loc":{"start":{"line":12,"column":16},"end":{"line":12,"column":57}},"type":"binary-expr","locations":[{"start":{"line":12,"column":16},"end":{"line":12,"column":23}},{"start":{"line":12,"column":28},"end":{"line":12,"column":56}}],"line":12},"1":{"loc":{"start":{"line":13,"column":15},"end":{"line":13,"column":35}},"type":"binary-expr","locations":[{"start":{"line":13,"column":15},"end":{"line":13,"column":22}},{"start":{"line":13,"column":26},"end":{"line":13,"column":35}}],"line":13},"2":{"loc":{"start":{"line":15,"column":14},"end":{"line":15,"column":30}},"type":"binary-expr","locations":[{"start":{"line":15,"column":14},"end":{"line":15,"column":18}},{"start":{"line":15,"column":22},"end":{"line":15,"column":30}}],"line":15}},"s":{"0":3,"1":0,"2":0,"3":0},"f":{"0":0,"1":0,"2":0},"b":{"0":[0,0],"1":[0,0],"2":[0,0]},"_coverageSchema":"1a1c01bbd47fc00a2c39e90264f33305004495a9","hash":"33d5cdbe6faf41ae6df2b3182d46827ec0d35939"}
,"C:\\New folder\\clean copy\\boilerplate_02\\ui\\src\\shared\\components\\presentation\\InputField.js": {"path":"C:\\New folder\\clean copy\\boilerplate_02\\ui\\src\\shared\\components\\presentation\\InputField.js","statementMap":{"0":{"start":{"line":4,"column":19},"end":{"line":24,"column":1}},"1":{"start":{"line":7,"column":6},"end":{"line":7,"column":11}},"2":{"start":{"line":10,"column":2},"end":{"line":23,"column":4}},"3":{"start":{"line":19,"column":32},"end":{"line":19,"column":41}}},"fnMap":{"0":{"name":"(anonymous_0)","decl":{"start":{"line":4,"column":19},"end":{"line":4,"column":20}},"loc":{"start":{"line":4,"column":30},"end":{"line":24,"column":1}},"line":4},"1":{"name":"defaultInputListener","decl":{"start":{"line":8,"column":11},"end":{"line":8,"column":31}},"loc":{"start":{"line":8,"column":34},"end":{"line":9,"column":3}},"line":8},"2":{"name":"(anonymous_2)","decl":{"start":{"line":19,"column":25},"end":{"line":19,"column":26}},"loc":{"start":{"line":19,"column":32},"end":{"line":19,"column":41}},"line":19}},"branchMap":{"0":{"loc":{"start":{"line":19,"column":16},"end":{"line":19,"column":64}},"type":"cond-expr","locations":[{"start":{"line":19,"column":25},"end":{"line":19,"column":41}},{"start":{"line":19,"column":44},"end":{"line":19,"column":64}}],"line":19},"1":{"loc":{"start":{"line":20,"column":14},"end":{"line":20,"column":24}},"type":"binary-expr","locations":[{"start":{"line":20,"column":14},"end":{"line":20,"column":18}},{"start":{"line":20,"column":22},"end":{"line":20,"column":24}}],"line":20}},"s":{"0":3,"1":0,"2":0,"3":0},"f":{"0":0,"1":0,"2":0},"b":{"0":[0,0],"1":[0,0]},"_coverageSchema":"1a1c01bbd47fc00a2c39e90264f33305004495a9","hash":"907f6b45a9fa21e42675994ac9174cfe806cb516"}
,"C:\\New folder\\clean copy\\boilerplate_02\\ui\\src\\shared\\components\\presentation\\Loader.js": {"path":"C:\\New folder\\clean copy\\boilerplate_02\\ui\\src\\shared\\components\\presentation\\Loader.js","statementMap":{"0":{"start":{"line":4,"column":16},"end":{"line":4,"column":45}},"1":{"start":{"line":4,"column":23},"end":{"line":4,"column":44}}},"fnMap":{"0":{"name":"(anonymous_0)","decl":{"start":{"line":4,"column":16},"end":{"line":4,"column":17}},"loc":{"start":{"line":4,"column":23},"end":{"line":4,"column":44}},"line":4}},"branchMap":{},"s":{"0":3,"1":0},"f":{"0":0},"b":{},"_coverageSchema":"1a1c01bbd47fc00a2c39e90264f33305004495a9","hash":"5f1c19451958b91cee45e3461d9987ba9a12dac5"}
,"C:\\New folder\\clean copy\\boilerplate_02\\ui\\src\\shared\\components\\presentation\\MessageBox.js": {"path":"C:\\New folder\\clean copy\\boilerplate_02\\ui\\src\\shared\\components\\presentation\\MessageBox.js","statementMap":{"0":{"start":{"line":4,"column":19},"end":{"line":11,"column":1}},"1":{"start":{"line":5,"column":31},"end":{"line":5,"column":36}},"2":{"start":{"line":6,"column":2},"end":{"line":10,"column":4}}},"fnMap":{"0":{"name":"(anonymous_0)","decl":{"start":{"line":4,"column":19},"end":{"line":4,"column":20}},"loc":{"start":{"line":4,"column":30},"end":{"line":11,"column":1}},"line":4}},"branchMap":{"0":{"loc":{"start":{"line":8,"column":7},"end":{"line":8,"column":79}},"type":"cond-expr","locations":[{"start":{"line":8,"column":17},"end":{"line":8,"column":74}},{"start":{"line":8,"column":77},"end":{"line":8,"column":79}}],"line":8},"1":{"loc":{"start":{"line":8,"column":33},"end":{"line":8,"column":53}},"type":"binary-expr","locations":[{"start":{"line":8,"column":33},"end":{"line":8,"column":40}},{"start":{"line":8,"column":44},"end":{"line":8,"column":53}}],"line":8}},"s":{"0":3,"1":0,"2":0},"f":{"0":0},"b":{"0":[0,0],"1":[0,0]},"_coverageSchema":"1a1c01bbd47fc00a2c39e90264f33305004495a9","hash":"73a27dbbf411c1cd72aa28ca54710b82e2d22567"}
,"C:\\New folder\\clean copy\\boilerplate_02\\ui\\src\\shared\\services\\SharedDal.js": {"path":"C:\\New folder\\clean copy\\boilerplate_02\\ui\\src\\shared\\services\\SharedDal.js","statementMap":{},"fnMap":{},"branchMap":{},"s":{},"f":{},"b":{},"_coverageSchema":"1a1c01bbd47fc00a2c39e90264f33305004495a9","hash":"35f5184c29d1f5bb35cc17fe3efcb00cb245963e"}
,"C:\\New folder\\clean copy\\boilerplate_02\\ui\\src\\shared\\utils\\History.js": {"path":"C:\\New folder\\clean copy\\boilerplate_02\\ui\\src\\shared\\utils\\History.js","statementMap":{},"fnMap":{},"branchMap":{},"s":{},"f":{},"b":{},"_coverageSchema":"1a1c01bbd47fc00a2c39e90264f33305004495a9","hash":"a0944b91343261d6fd047222558f3ca04f1875c4"}
,"C:\\New folder\\clean copy\\boilerplate_02\\ui\\src\\showList\\actions\\ShowListActionConstants.js": {"path":"C:\\New folder\\clean copy\\boilerplate_02\\ui\\src\\showList\\actions\\ShowListActionConstants.js","statementMap":{"0":{"start":{"line":1,"column":39},"end":{"line":11,"column":1}}},"fnMap":{},"branchMap":{},"s":{"0":2},"f":{},"b":{},"_coverageSchema":"1a1c01bbd47fc00a2c39e90264f33305004495a9","hash":"5ecaa42c9b9fc4a91863e15ed4656caed7f85ab7"}
,"C:\\New folder\\clean copy\\boilerplate_02\\ui\\src\\showList\\reducers\\showListReducer.js": {"path":"C:\\New folder\\clean copy\\boilerplate_02\\ui\\src\\showList\\reducers\\showListReducer.js","statementMap":{"0":{"start":{"line":4,"column":21},"end":{"line":4,"column":23}},"1":{"start":{"line":10,"column":24},"end":{"line":27,"column":1}},"2":{"start":{"line":11,"column":2},"end":{"line":26,"column":3}},"3":{"start":{"line":13,"column":6},"end":{"line":15,"column":7}},"4":{"start":{"line":14,"column":8},"end":{"line":14,"column":46}},"5":{"start":{"line":16,"column":6},"end":{"line":16,"column":19}},"6":{"start":{"line":19,"column":6},"end":{"line":21,"column":7}},"7":{"start":{"line":20,"column":8},"end":{"line":20,"column":38}},"8":{"start":{"line":22,"column":6},"end":{"line":22,"column":16}},"9":{"start":{"line":25,"column":6},"end":{"line":25,"column":19}},"10":{"start":{"line":34,"column":26},"end":{"line":45,"column":1}},"11":{"start":{"line":35,"column":2},"end":{"line":44,"column":3}},"12":{"start":{"line":37,"column":6},"end":{"line":37,"column":43}},"13":{"start":{"line":40,"column":6},"end":{"line":40,"column":44}},"14":{"start":{"line":43,"column":6},"end":{"line":43,"column":19}},"15":{"start":{"line":50,"column":17},"end":{"line":50,"column":19}}},"fnMap":{"0":{"name":"(anonymous_0)","decl":{"start":{"line":10,"column":24},"end":{"line":10,"column":25}},"loc":{"start":{"line":10,"column":58},"end":{"line":27,"column":1}},"line":10},"1":{"name":"(anonymous_1)","decl":{"start":{"line":34,"column":26},"end":{"line":34,"column":27}},"loc":{"start":{"line":34,"column":50},"end":{"line":45,"column":1}},"line":34},"2":{"name":"(anonymous_2)","decl":{"start":{"line":50,"column":10},"end":{"line":50,"column":11}},"loc":{"start":{"line":50,"column":17},"end":{"line":50,"column":19}},"line":50}},"branchMap":{"0":{"loc":{"start":{"line":10,"column":25},"end":{"line":10,"column":45}},"type":"default-arg","locations":[{"start":{"line":10,"column":33},"end":{"line":10,"column":45}}],"line":10},"1":{"loc":{"start":{"line":11,"column":2},"end":{"line":26,"column":3}},"type":"switch","locations":[{"start":{"line":12,"column":4},"end":{"line":17,"column":5}},{"start":{"line":18,"column":4},"end":{"line":23,"column":5}},{"start":{"line":24,"column":4},"end":{"line":25,"column":19}}],"line":11},"2":{"loc":{"start":{"line":13,"column":6},"end":{"line":15,"column":7}},"type":"if","locations":[{"start":{"line":13,"column":6},"end":{"line":15,"column":7}},{"start":{"line":13,"column":6},"end":{"line":15,"column":7}}],"line":13},"3":{"loc":{"start":{"line":13,"column":10},"end":{"line":13,"column":91}},"type":"binary-expr","locations":[{"start":{"line":13,"column":10},"end":{"line":13,"column":22}},{"start":{"line":13,"column":26},"end":{"line":13,"column":51}},{"start":{"line":13,"column":55},"end":{"line":13,"column":91}}],"line":13},"4":{"loc":{"start":{"line":19,"column":6},"end":{"line":21,"column":7}},"type":"if","locations":[{"start":{"line":19,"column":6},"end":{"line":21,"column":7}},{"start":{"line":19,"column":6},"end":{"line":21,"column":7}}],"line":19},"5":{"loc":{"start":{"line":19,"column":10},"end":{"line":19,"column":75}},"type":"binary-expr","locations":[{"start":{"line":19,"column":10},"end":{"line":19,"column":22}},{"start":{"line":19,"column":26},"end":{"line":19,"column":43}},{"start":{"line":19,"column":47},"end":{"line":19,"column":75}}],"line":19},"6":{"loc":{"start":{"line":34,"column":27},"end":{"line":34,"column":37}},"type":"default-arg","locations":[{"start":{"line":34,"column":35},"end":{"line":34,"column":37}}],"line":34},"7":{"loc":{"start":{"line":35,"column":2},"end":{"line":44,"column":3}},"type":"switch","locations":[{"start":{"line":36,"column":4},"end":{"line":38,"column":5}},{"start":{"line":39,"column":4},"end":{"line":41,"column":5}},{"start":{"line":42,"column":4},"end":{"line":43,"column":19}}],"line":35}},"s":{"0":2,"1":2,"2":6,"3":2,"4":1,"5":1,"6":2,"7":1,"8":1,"9":2,"10":2,"11":3,"12":1,"13":1,"14":1,"15":1},"f":{"0":6,"1":3,"2":1},"b":{"0":[1],"1":[2,2,2],"2":[1,1],"3":[2,2,1],"4":[1,1],"5":[2,2,1],"6":[1],"7":[1,1,1]},"_coverageSchema":"1a1c01bbd47fc00a2c39e90264f33305004495a9","hash":"111a2fe68b08455370c4e79a93f695174dea74ab"}
,"C:\\New folder\\clean copy\\boilerplate_02\\ui\\tests\\testConstants\\TestConstants.js": {"path":"C:\\New folder\\clean copy\\boilerplate_02\\ui\\tests\\testConstants\\TestConstants.js","statementMap":{"0":{"start":{"line":1,"column":26},"end":{"line":3693,"column":1}}},"fnMap":{},"branchMap":{},"s":{"0":1},"f":{},"b":{},"_coverageSchema":"1a1c01bbd47fc00a2c39e90264f33305004495a9","hash":"a527c143be3f8dc3fab356379406d5b4bf9d3b05"}
}
