TN:
SF:src\login\actions\LoginActionConstants.js
FNF:0
FNH:0
DA:2,3
LF:1
LH:1
BRF:0
BRH:0
end_of_record
TN:
SF:src\login\reducers\loginReducer.js
FN:7,(anonymous_0)
FN:24,(anonymous_1)
FN:48,(anonymous_2)
FNF:3
FNH:3
FNDA:3,(anonymous_0)
FNDA:6,(anonymous_1)
FNDA:1,(anonymous_2)
DA:4,1
DA:5,1
DA:7,1
DA:8,3
DA:10,2
DA:11,1
DA:17,1
DA:20,1
DA:24,1
DA:25,6
DA:27,3
DA:28,2
DA:33,1
DA:36,1
DA:42,2
DA:48,1
LF:16
LH:16
BRDA:7,0,0,1
BRDA:8,1,0,2
BRDA:8,1,1,1
BRDA:10,2,0,1
BRDA:10,2,1,1
BRDA:24,3,0,2
BRDA:25,4,0,3
BRDA:25,4,1,1
BRDA:25,4,2,2
BRDA:27,5,0,2
BRDA:27,5,1,1
BRF:11
BRH:11
end_of_record
TN:
SF:src\shared\index.js
FNF:0
FNH:0
LF:0
LH:0
BRF:0
BRH:0
end_of_record
TN:
SF:src\shared\actions\SharedActionConstants.js
FN:1,(anonymous_0)
FN:2,(anonymous_1)
FNF:2
FNH:2
FNDA:4,(anonymous_0)
FNDA:22,(anonymous_1)
DA:1,4
DA:2,22
LF:2
LH:2
BRF:0
BRH:0
end_of_record
TN:
SF:src\shared\actions\SharedActions.js
FN:3,Action
FN:11,(anonymous_1)
FN:11,(anonymous_2)
FN:18,(anonymous_3)
FN:18,(anonymous_4)
FN:21,(anonymous_5)
FN:21,(anonymous_6)
FN:25,(anonymous_7)
FNF:8
FNH:0
FNDA:0,Action
FNDA:0,(anonymous_1)
FNDA:0,(anonymous_2)
FNDA:0,(anonymous_3)
FNDA:0,(anonymous_4)
FNDA:0,(anonymous_5)
FNDA:0,(anonymous_6)
FNDA:0,(anonymous_7)
DA:2,3
DA:4,0
DA:11,3
DA:12,0
DA:13,0
DA:14,0
DA:16,0
DA:18,0
DA:21,3
DA:22,0
DA:25,3
DA:26,0
DA:27,0
LF:13
LH:4
BRDA:11,0,0,0
BRDA:13,1,0,0
BRDA:13,1,1,0
BRF:3
BRH:0
end_of_record
TN:
SF:src\shared\actions\SharedUserAuthentication.js
FN:5,(anonymous_0)
FN:5,(anonymous_1)
FNF:2
FNH:0
FNDA:0,(anonymous_0)
FNDA:0,(anonymous_1)
DA:5,3
DA:6,0
DA:7,0
DA:8,0
LF:4
LH:1
BRDA:7,0,0,0
BRDA:7,0,1,0
BRF:2
BRH:0
end_of_record
TN:
SF:src\shared\components\presentation\ButtonElement.js
FN:4,(anonymous_0)
FN:8,onButtonClickListener
FN:12,(anonymous_2)
FNF:3
FNH:0
FNDA:0,(anonymous_0)
FNDA:0,onButtonClickListener
FNDA:0,(anonymous_2)
DA:4,3
DA:7,0
DA:10,0
DA:12,0
LF:4
LH:1
BRDA:12,0,0,0
BRDA:12,0,1,0
BRDA:13,1,0,0
BRDA:13,1,1,0
BRDA:15,2,0,0
BRDA:15,2,1,0
BRF:6
BRH:0
end_of_record
TN:
SF:src\shared\components\presentation\InputField.js
FN:4,(anonymous_0)
FN:8,defaultInputListener
FN:19,(anonymous_2)
FNF:3
FNH:0
FNDA:0,(anonymous_0)
FNDA:0,defaultInputListener
FNDA:0,(anonymous_2)
DA:4,3
DA:7,0
DA:10,0
DA:19,0
LF:4
LH:1
BRDA:19,0,0,0
BRDA:19,0,1,0
BRDA:20,1,0,0
BRDA:20,1,1,0
BRF:4
BRH:0
end_of_record
TN:
SF:src\shared\components\presentation\Loader.js
FN:4,(anonymous_0)
FNF:1
FNH:0
FNDA:0,(anonymous_0)
DA:4,3
LF:1
LH:1
BRF:0
BRH:0
end_of_record
TN:
SF:src\shared\components\presentation\MessageBox.js
FN:4,(anonymous_0)
FNF:1
FNH:0
FNDA:0,(anonymous_0)
DA:4,3
DA:5,0
DA:6,0
LF:3
LH:1
BRDA:8,0,0,0
BRDA:8,0,1,0
BRDA:8,1,0,0
BRDA:8,1,1,0
BRF:4
BRH:0
end_of_record
TN:
SF:src\shared\services\SharedDal.js
FNF:0
FNH:0
LF:0
LH:0
BRF:0
BRH:0
end_of_record
TN:
SF:src\shared\utils\History.js
FNF:0
FNH:0
LF:0
LH:0
BRF:0
BRH:0
end_of_record
TN:
SF:src\showList\actions\ShowListActionConstants.js
FNF:0
FNH:0
DA:1,2
LF:1
LH:1
BRF:0
BRH:0
end_of_record
TN:
SF:src\showList\reducers\showListReducer.js
FN:10,(anonymous_0)
FN:34,(anonymous_1)
FN:50,(anonymous_2)
FNF:3
FNH:3
FNDA:6,(anonymous_0)
FNDA:3,(anonymous_1)
FNDA:1,(anonymous_2)
DA:4,2
DA:10,2
DA:11,6
DA:13,2
DA:14,1
DA:16,1
DA:19,2
DA:20,1
DA:22,1
DA:25,2
DA:34,2
DA:35,3
DA:37,1
DA:40,1
DA:43,1
DA:50,1
LF:16
LH:16
BRDA:10,0,0,1
BRDA:11,1,0,2
BRDA:11,1,1,2
BRDA:11,1,2,2
BRDA:13,2,0,1
BRDA:13,2,1,1
BRDA:13,3,0,2
BRDA:13,3,1,2
BRDA:13,3,2,1
BRDA:19,4,0,1
BRDA:19,4,1,1
BRDA:19,5,0,2
BRDA:19,5,1,2
BRDA:19,5,2,1
BRDA:34,6,0,1
BRDA:35,7,0,1
BRDA:35,7,1,1
BRDA:35,7,2,1
BRF:18
BRH:18
end_of_record
TN:
SF:tests\testConstants\TestConstants.js
FNF:0
FNH:0
DA:1,1
LF:1
LH:1
BRF:0
BRH:0
end_of_record
